2021-01-22 14:20:06,107 INFO 24051 [Timer] /Users/mangoguang/Documents/service/egg_example/node_modules/_egg-multipart@2.10.3@egg-multipart/app/schedule/clean_tmpdir.js next time will execute after 50993895ms at 2021-01-23 04:30:00.002
2021-01-22 14:20:06,107 INFO 24051 [Timer] /Users/mangoguang/Documents/service/egg_example/node_modules/_egg-logrotator@3.1.0@egg-logrotator/app/schedule/clean_log.js next time will execute after 34793893ms at 2021-01-23 00:00:00.000
2021-01-22 14:20:06,108 INFO 24051 [Timer] /Users/mangoguang/Documents/service/egg_example/node_modules/_egg-logrotator@3.1.0@egg-logrotator/app/schedule/rotate_by_file.js next time will execute after 34794893ms at 2021-01-23 00:00:01.001
2021-01-22 14:20:05,886 INFO 24054 [egg-schedule]: register schedule /Users/mangoguang/Documents/service/egg_example/node_modules/_egg-multipart@2.10.3@egg-multipart/app/schedule/clean_tmpdir.js
2021-01-22 14:20:05,886 INFO 24054 [egg-schedule]: register schedule /Users/mangoguang/Documents/service/egg_example/node_modules/_egg-logrotator@3.1.0@egg-logrotator/app/schedule/clean_log.js
2021-01-22 14:20:05,886 INFO 24054 [egg-schedule]: register schedule /Users/mangoguang/Documents/service/egg_example/node_modules/_egg-logrotator@3.1.0@egg-logrotator/app/schedule/rotate_by_file.js
2021-01-22 14:36:08,755 INFO 25415 [egg-schedule]: register schedule /Users/mangoguang/Documents/service/egg_example/node_modules/_egg-multipart@2.10.3@egg-multipart/app/schedule/clean_tmpdir.js
2021-01-22 14:36:08,756 INFO 25415 [egg-schedule]: register schedule /Users/mangoguang/Documents/service/egg_example/node_modules/_egg-logrotator@3.1.0@egg-logrotator/app/schedule/clean_log.js
2021-01-22 14:36:08,756 INFO 25415 [egg-schedule]: register schedule /Users/mangoguang/Documents/service/egg_example/node_modules/_egg-logrotator@3.1.0@egg-logrotator/app/schedule/rotate_by_file.js
2021-01-22 14:44:14,707 INFO 26088 [egg-schedule]: register schedule /Users/mangoguang/Documents/service/egg_example/node_modules/_egg-multipart@2.10.3@egg-multipart/app/schedule/clean_tmpdir.js
2021-01-22 14:44:14,707 INFO 26088 [egg-schedule]: register schedule /Users/mangoguang/Documents/service/egg_example/node_modules/_egg-logrotator@3.1.0@egg-logrotator/app/schedule/clean_log.js
2021-01-22 14:44:14,707 INFO 26088 [egg-schedule]: register schedule /Users/mangoguang/Documents/service/egg_example/node_modules/_egg-logrotator@3.1.0@egg-logrotator/app/schedule/rotate_by_file.js
2021-01-22 14:44:17,829 INFO 26115 [egg-schedule]: register schedule /Users/mangoguang/Documents/service/egg_example/node_modules/_egg-multipart@2.10.3@egg-multipart/app/schedule/clean_tmpdir.js
2021-01-22 14:44:17,829 INFO 26115 [egg-schedule]: register schedule /Users/mangoguang/Documents/service/egg_example/node_modules/_egg-logrotator@3.1.0@egg-logrotator/app/schedule/clean_log.js
2021-01-22 14:44:17,829 INFO 26115 [egg-schedule]: register schedule /Users/mangoguang/Documents/service/egg_example/node_modules/_egg-logrotator@3.1.0@egg-logrotator/app/schedule/rotate_by_file.js
2021-01-22 14:44:21,678 INFO 26133 [egg-schedule]: register schedule /Users/mangoguang/Documents/service/egg_example/node_modules/_egg-multipart@2.10.3@egg-multipart/app/schedule/clean_tmpdir.js
2021-01-22 14:44:21,678 INFO 26133 [egg-schedule]: register schedule /Users/mangoguang/Documents/service/egg_example/node_modules/_egg-logrotator@3.1.0@egg-logrotator/app/schedule/clean_log.js
2021-01-22 14:44:21,678 INFO 26133 [egg-schedule]: register schedule /Users/mangoguang/Documents/service/egg_example/node_modules/_egg-logrotator@3.1.0@egg-logrotator/app/schedule/rotate_by_file.js
2021-01-22 14:47:25,556 INFO 26377 [egg-schedule]: register schedule /Users/mangoguang/Documents/service/egg_example/node_modules/_egg-multipart@2.10.3@egg-multipart/app/schedule/clean_tmpdir.js
2021-01-22 14:47:25,556 INFO 26377 [egg-schedule]: register schedule /Users/mangoguang/Documents/service/egg_example/node_modules/_egg-logrotator@3.1.0@egg-logrotator/app/schedule/clean_log.js
2021-01-22 14:47:25,556 INFO 26377 [egg-schedule]: register schedule /Users/mangoguang/Documents/service/egg_example/node_modules/_egg-logrotator@3.1.0@egg-logrotator/app/schedule/rotate_by_file.js
2021-01-22 14:47:28,138 INFO 26415 [egg-schedule]: register schedule /Users/mangoguang/Documents/service/egg_example/node_modules/_egg-multipart@2.10.3@egg-multipart/app/schedule/clean_tmpdir.js
2021-01-22 14:47:28,138 INFO 26415 [egg-schedule]: register schedule /Users/mangoguang/Documents/service/egg_example/node_modules/_egg-logrotator@3.1.0@egg-logrotator/app/schedule/clean_log.js
2021-01-22 14:47:28,138 INFO 26415 [egg-schedule]: register schedule /Users/mangoguang/Documents/service/egg_example/node_modules/_egg-logrotator@3.1.0@egg-logrotator/app/schedule/rotate_by_file.js
2021-01-22 14:52:23,941 INFO 26755 [egg-schedule]: register schedule /Users/mangoguang/Documents/service/egg_example/node_modules/_egg-multipart@2.10.3@egg-multipart/app/schedule/clean_tmpdir.js
2021-01-22 14:52:23,941 INFO 26755 [egg-schedule]: register schedule /Users/mangoguang/Documents/service/egg_example/node_modules/_egg-logrotator@3.1.0@egg-logrotator/app/schedule/clean_log.js
2021-01-22 14:52:23,941 INFO 26755 [egg-schedule]: register schedule /Users/mangoguang/Documents/service/egg_example/node_modules/_egg-logrotator@3.1.0@egg-logrotator/app/schedule/rotate_by_file.js
2021-01-22 14:53:45,632 INFO 26875 [egg-schedule]: register schedule /Users/mangoguang/Documents/service/egg_example/node_modules/_egg-multipart@2.10.3@egg-multipart/app/schedule/clean_tmpdir.js
2021-01-22 14:53:45,632 INFO 26875 [egg-schedule]: register schedule /Users/mangoguang/Documents/service/egg_example/node_modules/_egg-logrotator@3.1.0@egg-logrotator/app/schedule/clean_log.js
2021-01-22 14:53:45,632 INFO 26875 [egg-schedule]: register schedule /Users/mangoguang/Documents/service/egg_example/node_modules/_egg-logrotator@3.1.0@egg-logrotator/app/schedule/rotate_by_file.js
2021-01-22 14:55:12,845 INFO 26999 [egg-schedule]: register schedule /Users/mangoguang/Documents/service/egg_example/node_modules/_egg-multipart@2.10.3@egg-multipart/app/schedule/clean_tmpdir.js
2021-01-22 14:55:12,845 INFO 26999 [egg-schedule]: register schedule /Users/mangoguang/Documents/service/egg_example/node_modules/_egg-logrotator@3.1.0@egg-logrotator/app/schedule/clean_log.js
2021-01-22 14:55:12,845 INFO 26999 [egg-schedule]: register schedule /Users/mangoguang/Documents/service/egg_example/node_modules/_egg-logrotator@3.1.0@egg-logrotator/app/schedule/rotate_by_file.js
2021-01-22 14:56:01,931 INFO 27081 [egg-schedule]: register schedule /Users/mangoguang/Documents/service/egg_example/node_modules/_egg-multipart@2.10.3@egg-multipart/app/schedule/clean_tmpdir.js
2021-01-22 14:56:01,931 INFO 27081 [egg-schedule]: register schedule /Users/mangoguang/Documents/service/egg_example/node_modules/_egg-logrotator@3.1.0@egg-logrotator/app/schedule/clean_log.js
2021-01-22 14:56:01,931 INFO 27081 [egg-schedule]: register schedule /Users/mangoguang/Documents/service/egg_example/node_modules/_egg-logrotator@3.1.0@egg-logrotator/app/schedule/rotate_by_file.js
2021-01-22 14:58:40,707 INFO 27369 [egg-schedule]: register schedule /Users/mangoguang/Documents/service/egg_example/node_modules/_egg-multipart@2.10.3@egg-multipart/app/schedule/clean_tmpdir.js
2021-01-22 14:58:40,708 INFO 27369 [egg-schedule]: register schedule /Users/mangoguang/Documents/service/egg_example/node_modules/_egg-logrotator@3.1.0@egg-logrotator/app/schedule/clean_log.js
2021-01-22 14:58:40,708 INFO 27369 [egg-schedule]: register schedule /Users/mangoguang/Documents/service/egg_example/node_modules/_egg-logrotator@3.1.0@egg-logrotator/app/schedule/rotate_by_file.js
2021-01-22 14:58:45,695 INFO 27399 [egg-schedule]: register schedule /Users/mangoguang/Documents/service/egg_example/node_modules/_egg-multipart@2.10.3@egg-multipart/app/schedule/clean_tmpdir.js
2021-01-22 14:58:45,695 INFO 27399 [egg-schedule]: register schedule /Users/mangoguang/Documents/service/egg_example/node_modules/_egg-logrotator@3.1.0@egg-logrotator/app/schedule/clean_log.js
2021-01-22 14:58:45,695 INFO 27399 [egg-schedule]: register schedule /Users/mangoguang/Documents/service/egg_example/node_modules/_egg-logrotator@3.1.0@egg-logrotator/app/schedule/rotate_by_file.js
2021-01-22 14:59:23,066 INFO 27588 [egg-schedule]: register schedule /Users/mangoguang/Documents/service/egg_example/node_modules/_egg-multipart@2.10.3@egg-multipart/app/schedule/clean_tmpdir.js
2021-01-22 14:59:23,066 INFO 27588 [egg-schedule]: register schedule /Users/mangoguang/Documents/service/egg_example/node_modules/_egg-logrotator@3.1.0@egg-logrotator/app/schedule/clean_log.js
2021-01-22 14:59:23,066 INFO 27588 [egg-schedule]: register schedule /Users/mangoguang/Documents/service/egg_example/node_modules/_egg-logrotator@3.1.0@egg-logrotator/app/schedule/rotate_by_file.js
2021-01-22 14:59:57,803 INFO 27638 [egg-schedule]: register schedule /Users/mangoguang/Documents/service/egg_example/node_modules/_egg-multipart@2.10.3@egg-multipart/app/schedule/clean_tmpdir.js
2021-01-22 14:59:57,803 INFO 27638 [egg-schedule]: register schedule /Users/mangoguang/Documents/service/egg_example/node_modules/_egg-logrotator@3.1.0@egg-logrotator/app/schedule/clean_log.js
2021-01-22 14:59:57,803 INFO 27638 [egg-schedule]: register schedule /Users/mangoguang/Documents/service/egg_example/node_modules/_egg-logrotator@3.1.0@egg-logrotator/app/schedule/rotate_by_file.js
2021-01-22 15:01:47,665 INFO 27906 [egg-schedule]: register schedule /Users/mangoguang/Documents/service/egg_example/node_modules/_egg-multipart@2.10.3@egg-multipart/app/schedule/clean_tmpdir.js
2021-01-22 15:01:47,665 INFO 27906 [egg-schedule]: register schedule /Users/mangoguang/Documents/service/egg_example/node_modules/_egg-logrotator@3.1.0@egg-logrotator/app/schedule/clean_log.js
2021-01-22 15:01:47,665 INFO 27906 [egg-schedule]: register schedule /Users/mangoguang/Documents/service/egg_example/node_modules/_egg-logrotator@3.1.0@egg-logrotator/app/schedule/rotate_by_file.js
2021-01-22 15:02:27,440 INFO 27971 [egg-schedule]: register schedule /Users/mangoguang/Documents/service/egg_example/node_modules/_egg-multipart@2.10.3@egg-multipart/app/schedule/clean_tmpdir.js
2021-01-22 15:02:27,440 INFO 27971 [egg-schedule]: register schedule /Users/mangoguang/Documents/service/egg_example/node_modules/_egg-logrotator@3.1.0@egg-logrotator/app/schedule/clean_log.js
2021-01-22 15:02:27,440 INFO 27971 [egg-schedule]: register schedule /Users/mangoguang/Documents/service/egg_example/node_modules/_egg-logrotator@3.1.0@egg-logrotator/app/schedule/rotate_by_file.js
2021-01-22 15:02:39,409 INFO 28020 [egg-schedule]: register schedule /Users/mangoguang/Documents/service/egg_example/node_modules/_egg-multipart@2.10.3@egg-multipart/app/schedule/clean_tmpdir.js
2021-01-22 15:02:39,409 INFO 28020 [egg-schedule]: register schedule /Users/mangoguang/Documents/service/egg_example/node_modules/_egg-logrotator@3.1.0@egg-logrotator/app/schedule/clean_log.js
2021-01-22 15:02:39,409 INFO 28020 [egg-schedule]: register schedule /Users/mangoguang/Documents/service/egg_example/node_modules/_egg-logrotator@3.1.0@egg-logrotator/app/schedule/rotate_by_file.js
2021-01-22 15:03:21,925 INFO 28084 [egg-schedule]: register schedule /Users/mangoguang/Documents/service/egg_example/node_modules/_egg-multipart@2.10.3@egg-multipart/app/schedule/clean_tmpdir.js
2021-01-22 15:03:21,925 INFO 28084 [egg-schedule]: register schedule /Users/mangoguang/Documents/service/egg_example/node_modules/_egg-logrotator@3.1.0@egg-logrotator/app/schedule/clean_log.js
2021-01-22 15:03:21,925 INFO 28084 [egg-schedule]: register schedule /Users/mangoguang/Documents/service/egg_example/node_modules/_egg-logrotator@3.1.0@egg-logrotator/app/schedule/rotate_by_file.js
2021-01-22 15:12:24,493 INFO 28748 [egg-schedule]: register schedule /Users/mangoguang/Documents/service/egg_example/node_modules/_egg-multipart@2.10.3@egg-multipart/app/schedule/clean_tmpdir.js
2021-01-22 15:12:24,493 INFO 28748 [egg-schedule]: register schedule /Users/mangoguang/Documents/service/egg_example/node_modules/_egg-logrotator@3.1.0@egg-logrotator/app/schedule/clean_log.js
2021-01-22 15:12:24,493 INFO 28748 [egg-schedule]: register schedule /Users/mangoguang/Documents/service/egg_example/node_modules/_egg-logrotator@3.1.0@egg-logrotator/app/schedule/rotate_by_file.js
2021-01-22 15:12:37,360 INFO 28800 [egg-schedule]: register schedule /Users/mangoguang/Documents/service/egg_example/node_modules/_egg-multipart@2.10.3@egg-multipart/app/schedule/clean_tmpdir.js
2021-01-22 15:12:37,360 INFO 28800 [egg-schedule]: register schedule /Users/mangoguang/Documents/service/egg_example/node_modules/_egg-logrotator@3.1.0@egg-logrotator/app/schedule/clean_log.js
2021-01-22 15:12:37,360 INFO 28800 [egg-schedule]: register schedule /Users/mangoguang/Documents/service/egg_example/node_modules/_egg-logrotator@3.1.0@egg-logrotator/app/schedule/rotate_by_file.js
2021-01-22 15:14:23,495 INFO 28923 [egg-schedule]: register schedule /Users/mangoguang/Documents/service/egg_example/node_modules/_egg-multipart@2.10.3@egg-multipart/app/schedule/clean_tmpdir.js
2021-01-22 15:14:23,495 INFO 28923 [egg-schedule]: register schedule /Users/mangoguang/Documents/service/egg_example/node_modules/_egg-logrotator@3.1.0@egg-logrotator/app/schedule/clean_log.js
2021-01-22 15:14:23,495 INFO 28923 [egg-schedule]: register schedule /Users/mangoguang/Documents/service/egg_example/node_modules/_egg-logrotator@3.1.0@egg-logrotator/app/schedule/rotate_by_file.js
2021-01-22 15:57:48,000 INFO 30762 [egg-schedule]: register schedule /Users/mangoguang/Documents/service/egg_example/node_modules/_egg-multipart@2.10.3@egg-multipart/app/schedule/clean_tmpdir.js
2021-01-22 15:57:48,000 INFO 30762 [egg-schedule]: register schedule /Users/mangoguang/Documents/service/egg_example/node_modules/_egg-logrotator@3.1.0@egg-logrotator/app/schedule/clean_log.js
2021-01-22 15:57:48,000 INFO 30762 [egg-schedule]: register schedule /Users/mangoguang/Documents/service/egg_example/node_modules/_egg-logrotator@3.1.0@egg-logrotator/app/schedule/rotate_by_file.js
2021-01-22 15:58:05,772 INFO 30800 [egg-schedule]: register schedule /Users/mangoguang/Documents/service/egg_example/node_modules/_egg-multipart@2.10.3@egg-multipart/app/schedule/clean_tmpdir.js
2021-01-22 15:58:05,772 INFO 30800 [egg-schedule]: register schedule /Users/mangoguang/Documents/service/egg_example/node_modules/_egg-logrotator@3.1.0@egg-logrotator/app/schedule/clean_log.js
2021-01-22 15:58:05,772 INFO 30800 [egg-schedule]: register schedule /Users/mangoguang/Documents/service/egg_example/node_modules/_egg-logrotator@3.1.0@egg-logrotator/app/schedule/rotate_by_file.js
2021-01-22 15:58:30,999 INFO 30858 [egg-schedule]: register schedule /Users/mangoguang/Documents/service/egg_example/node_modules/_egg-multipart@2.10.3@egg-multipart/app/schedule/clean_tmpdir.js
2021-01-22 15:58:30,999 INFO 30858 [egg-schedule]: register schedule /Users/mangoguang/Documents/service/egg_example/node_modules/_egg-logrotator@3.1.0@egg-logrotator/app/schedule/clean_log.js
2021-01-22 15:58:30,999 INFO 30858 [egg-schedule]: register schedule /Users/mangoguang/Documents/service/egg_example/node_modules/_egg-logrotator@3.1.0@egg-logrotator/app/schedule/rotate_by_file.js
2021-01-22 16:01:03,781 INFO 31042 [egg-schedule]: register schedule /Users/mangoguang/Documents/service/egg_example/node_modules/_egg-multipart@2.10.3@egg-multipart/app/schedule/clean_tmpdir.js
2021-01-22 16:01:03,781 INFO 31042 [egg-schedule]: register schedule /Users/mangoguang/Documents/service/egg_example/node_modules/_egg-logrotator@3.1.0@egg-logrotator/app/schedule/clean_log.js
2021-01-22 16:01:03,781 INFO 31042 [egg-schedule]: register schedule /Users/mangoguang/Documents/service/egg_example/node_modules/_egg-logrotator@3.1.0@egg-logrotator/app/schedule/rotate_by_file.js
2021-01-22 16:03:31,652 INFO 31279 [egg-schedule]: register schedule /Users/mangoguang/Documents/service/egg_example/node_modules/_egg-multipart@2.10.3@egg-multipart/app/schedule/clean_tmpdir.js
2021-01-22 16:03:31,652 INFO 31279 [egg-schedule]: register schedule /Users/mangoguang/Documents/service/egg_example/node_modules/_egg-logrotator@3.1.0@egg-logrotator/app/schedule/clean_log.js
2021-01-22 16:03:31,652 INFO 31279 [egg-schedule]: register schedule /Users/mangoguang/Documents/service/egg_example/node_modules/_egg-logrotator@3.1.0@egg-logrotator/app/schedule/rotate_by_file.js
2021-01-22 16:31:58,261 INFO 33765 [egg-schedule]: register schedule /Users/mangoguang/Documents/service/egg_example/node_modules/_egg-multipart@2.10.3@egg-multipart/app/schedule/clean_tmpdir.js
2021-01-22 16:31:58,261 INFO 33765 [egg-schedule]: register schedule /Users/mangoguang/Documents/service/egg_example/node_modules/_egg-logrotator@3.1.0@egg-logrotator/app/schedule/clean_log.js
2021-01-22 16:31:58,261 INFO 33765 [egg-schedule]: register schedule /Users/mangoguang/Documents/service/egg_example/node_modules/_egg-logrotator@3.1.0@egg-logrotator/app/schedule/rotate_by_file.js
2021-01-22 16:32:04,490 INFO 33797 [egg-schedule]: register schedule /Users/mangoguang/Documents/service/egg_example/node_modules/_egg-multipart@2.10.3@egg-multipart/app/schedule/clean_tmpdir.js
2021-01-22 16:32:04,490 INFO 33797 [egg-schedule]: register schedule /Users/mangoguang/Documents/service/egg_example/node_modules/_egg-logrotator@3.1.0@egg-logrotator/app/schedule/clean_log.js
2021-01-22 16:32:04,490 INFO 33797 [egg-schedule]: register schedule /Users/mangoguang/Documents/service/egg_example/node_modules/_egg-logrotator@3.1.0@egg-logrotator/app/schedule/rotate_by_file.js
2021-01-22 16:32:29,078 INFO 33850 [egg-schedule]: register schedule /Users/mangoguang/Documents/service/egg_example/node_modules/_egg-multipart@2.10.3@egg-multipart/app/schedule/clean_tmpdir.js
2021-01-22 16:32:29,078 INFO 33850 [egg-schedule]: register schedule /Users/mangoguang/Documents/service/egg_example/node_modules/_egg-logrotator@3.1.0@egg-logrotator/app/schedule/clean_log.js
2021-01-22 16:32:29,078 INFO 33850 [egg-schedule]: register schedule /Users/mangoguang/Documents/service/egg_example/node_modules/_egg-logrotator@3.1.0@egg-logrotator/app/schedule/rotate_by_file.js
2021-01-22 16:38:10,723 INFO 34275 [egg-schedule]: register schedule /Users/mangoguang/Documents/service/egg_example/node_modules/_egg-multipart@2.10.3@egg-multipart/app/schedule/clean_tmpdir.js
2021-01-22 16:38:10,723 INFO 34275 [egg-schedule]: register schedule /Users/mangoguang/Documents/service/egg_example/node_modules/_egg-logrotator@3.1.0@egg-logrotator/app/schedule/clean_log.js
2021-01-22 16:38:10,723 INFO 34275 [egg-schedule]: register schedule /Users/mangoguang/Documents/service/egg_example/node_modules/_egg-logrotator@3.1.0@egg-logrotator/app/schedule/rotate_by_file.js
2021-01-22 16:38:14,117 INFO 34308 [egg-schedule]: register schedule /Users/mangoguang/Documents/service/egg_example/node_modules/_egg-multipart@2.10.3@egg-multipart/app/schedule/clean_tmpdir.js
2021-01-22 16:38:14,117 INFO 34308 [egg-schedule]: register schedule /Users/mangoguang/Documents/service/egg_example/node_modules/_egg-logrotator@3.1.0@egg-logrotator/app/schedule/clean_log.js
2021-01-22 16:38:14,117 INFO 34308 [egg-schedule]: register schedule /Users/mangoguang/Documents/service/egg_example/node_modules/_egg-logrotator@3.1.0@egg-logrotator/app/schedule/rotate_by_file.js
2021-01-22 16:38:35,260 INFO 34351 [egg-schedule]: register schedule /Users/mangoguang/Documents/service/egg_example/node_modules/_egg-multipart@2.10.3@egg-multipart/app/schedule/clean_tmpdir.js
2021-01-22 16:38:35,260 INFO 34351 [egg-schedule]: register schedule /Users/mangoguang/Documents/service/egg_example/node_modules/_egg-logrotator@3.1.0@egg-logrotator/app/schedule/clean_log.js
2021-01-22 16:38:35,260 INFO 34351 [egg-schedule]: register schedule /Users/mangoguang/Documents/service/egg_example/node_modules/_egg-logrotator@3.1.0@egg-logrotator/app/schedule/rotate_by_file.js
2021-01-22 16:39:54,788 INFO 34455 [egg-schedule]: register schedule /Users/mangoguang/Documents/service/egg_example/node_modules/_egg-multipart@2.10.3@egg-multipart/app/schedule/clean_tmpdir.js
2021-01-22 16:39:54,788 INFO 34455 [egg-schedule]: register schedule /Users/mangoguang/Documents/service/egg_example/node_modules/_egg-logrotator@3.1.0@egg-logrotator/app/schedule/clean_log.js
2021-01-22 16:39:54,788 INFO 34455 [egg-schedule]: register schedule /Users/mangoguang/Documents/service/egg_example/node_modules/_egg-logrotator@3.1.0@egg-logrotator/app/schedule/rotate_by_file.js
2021-01-22 16:41:01,644 INFO 34565 [egg-schedule]: register schedule /Users/mangoguang/Documents/service/egg_example/node_modules/_egg-multipart@2.10.3@egg-multipart/app/schedule/clean_tmpdir.js
2021-01-22 16:41:01,644 INFO 34565 [egg-schedule]: register schedule /Users/mangoguang/Documents/service/egg_example/node_modules/_egg-logrotator@3.1.0@egg-logrotator/app/schedule/clean_log.js
2021-01-22 16:41:01,644 INFO 34565 [egg-schedule]: register schedule /Users/mangoguang/Documents/service/egg_example/node_modules/_egg-logrotator@3.1.0@egg-logrotator/app/schedule/rotate_by_file.js
2021-01-22 16:45:46,652 INFO 35052 [egg-schedule]: register schedule /Users/mangoguang/Documents/service/egg_example/node_modules/_egg-multipart@2.10.3@egg-multipart/app/schedule/clean_tmpdir.js
2021-01-22 16:45:46,652 INFO 35052 [egg-schedule]: register schedule /Users/mangoguang/Documents/service/egg_example/node_modules/_egg-logrotator@3.1.0@egg-logrotator/app/schedule/clean_log.js
2021-01-22 16:45:46,653 INFO 35052 [egg-schedule]: register schedule /Users/mangoguang/Documents/service/egg_example/node_modules/_egg-logrotator@3.1.0@egg-logrotator/app/schedule/rotate_by_file.js
2021-01-22 16:53:44,526 INFO 35609 [egg-schedule]: register schedule /Users/mangoguang/Documents/service/egg_example/node_modules/_egg-multipart@2.10.3@egg-multipart/app/schedule/clean_tmpdir.js
2021-01-22 16:53:44,526 INFO 35609 [egg-schedule]: register schedule /Users/mangoguang/Documents/service/egg_example/node_modules/_egg-logrotator@3.1.0@egg-logrotator/app/schedule/clean_log.js
2021-01-22 16:53:44,526 INFO 35609 [egg-schedule]: register schedule /Users/mangoguang/Documents/service/egg_example/node_modules/_egg-logrotator@3.1.0@egg-logrotator/app/schedule/rotate_by_file.js
2021-01-22 16:53:49,972 INFO 35635 [egg-schedule]: register schedule /Users/mangoguang/Documents/service/egg_example/node_modules/_egg-multipart@2.10.3@egg-multipart/app/schedule/clean_tmpdir.js
2021-01-22 16:53:49,972 INFO 35635 [egg-schedule]: register schedule /Users/mangoguang/Documents/service/egg_example/node_modules/_egg-logrotator@3.1.0@egg-logrotator/app/schedule/clean_log.js
2021-01-22 16:53:49,972 INFO 35635 [egg-schedule]: register schedule /Users/mangoguang/Documents/service/egg_example/node_modules/_egg-logrotator@3.1.0@egg-logrotator/app/schedule/rotate_by_file.js
2021-01-22 16:54:28,396 INFO 35690 [egg-schedule]: register schedule /Users/mangoguang/Documents/service/egg_example/node_modules/_egg-multipart@2.10.3@egg-multipart/app/schedule/clean_tmpdir.js
2021-01-22 16:54:28,396 INFO 35690 [egg-schedule]: register schedule /Users/mangoguang/Documents/service/egg_example/node_modules/_egg-logrotator@3.1.0@egg-logrotator/app/schedule/clean_log.js
2021-01-22 16:54:28,396 INFO 35690 [egg-schedule]: register schedule /Users/mangoguang/Documents/service/egg_example/node_modules/_egg-logrotator@3.1.0@egg-logrotator/app/schedule/rotate_by_file.js
2021-01-22 16:57:30,170 INFO 35948 [egg-schedule]: register schedule /Users/mangoguang/Documents/service/egg_example/node_modules/_egg-multipart@2.10.3@egg-multipart/app/schedule/clean_tmpdir.js
2021-01-22 16:57:30,171 INFO 35948 [egg-schedule]: register schedule /Users/mangoguang/Documents/service/egg_example/node_modules/_egg-logrotator@3.1.0@egg-logrotator/app/schedule/clean_log.js
2021-01-22 16:57:30,171 INFO 35948 [egg-schedule]: register schedule /Users/mangoguang/Documents/service/egg_example/node_modules/_egg-logrotator@3.1.0@egg-logrotator/app/schedule/rotate_by_file.js
2021-01-22 16:58:38,540 INFO 36044 [egg-schedule]: register schedule /Users/mangoguang/Documents/service/egg_example/node_modules/_egg-multipart@2.10.3@egg-multipart/app/schedule/clean_tmpdir.js
2021-01-22 16:58:38,540 INFO 36044 [egg-schedule]: register schedule /Users/mangoguang/Documents/service/egg_example/node_modules/_egg-logrotator@3.1.0@egg-logrotator/app/schedule/clean_log.js
2021-01-22 16:58:38,540 INFO 36044 [egg-schedule]: register schedule /Users/mangoguang/Documents/service/egg_example/node_modules/_egg-logrotator@3.1.0@egg-logrotator/app/schedule/rotate_by_file.js
2021-01-22 17:03:37,970 INFO 36405 [egg-schedule]: register schedule /Users/mangoguang/Documents/service/egg_example/node_modules/_egg-multipart@2.10.3@egg-multipart/app/schedule/clean_tmpdir.js
2021-01-22 17:03:37,970 INFO 36405 [egg-schedule]: register schedule /Users/mangoguang/Documents/service/egg_example/node_modules/_egg-logrotator@3.1.0@egg-logrotator/app/schedule/clean_log.js
2021-01-22 17:03:37,971 INFO 36405 [egg-schedule]: register schedule /Users/mangoguang/Documents/service/egg_example/node_modules/_egg-logrotator@3.1.0@egg-logrotator/app/schedule/rotate_by_file.js
2021-01-22 17:04:35,306 INFO 36524 [egg-schedule]: register schedule /Users/mangoguang/Documents/service/egg_example/node_modules/_egg-multipart@2.10.3@egg-multipart/app/schedule/clean_tmpdir.js
2021-01-22 17:04:35,306 INFO 36524 [egg-schedule]: register schedule /Users/mangoguang/Documents/service/egg_example/node_modules/_egg-logrotator@3.1.0@egg-logrotator/app/schedule/clean_log.js
2021-01-22 17:04:35,306 INFO 36524 [egg-schedule]: register schedule /Users/mangoguang/Documents/service/egg_example/node_modules/_egg-logrotator@3.1.0@egg-logrotator/app/schedule/rotate_by_file.js
2021-01-22 17:12:17,595 INFO 37080 [egg-schedule]: register schedule /Users/mangoguang/Documents/service/egg_example/node_modules/_egg-multipart@2.10.3@egg-multipart/app/schedule/clean_tmpdir.js
2021-01-22 17:12:17,595 INFO 37080 [egg-schedule]: register schedule /Users/mangoguang/Documents/service/egg_example/node_modules/_egg-logrotator@3.1.0@egg-logrotator/app/schedule/clean_log.js
2021-01-22 17:12:17,595 INFO 37080 [egg-schedule]: register schedule /Users/mangoguang/Documents/service/egg_example/node_modules/_egg-logrotator@3.1.0@egg-logrotator/app/schedule/rotate_by_file.js
2021-01-22 17:12:20,171 INFO 37105 [egg-schedule]: register schedule /Users/mangoguang/Documents/service/egg_example/node_modules/_egg-multipart@2.10.3@egg-multipart/app/schedule/clean_tmpdir.js
2021-01-22 17:12:20,171 INFO 37105 [egg-schedule]: register schedule /Users/mangoguang/Documents/service/egg_example/node_modules/_egg-logrotator@3.1.0@egg-logrotator/app/schedule/clean_log.js
2021-01-22 17:12:20,171 INFO 37105 [egg-schedule]: register schedule /Users/mangoguang/Documents/service/egg_example/node_modules/_egg-logrotator@3.1.0@egg-logrotator/app/schedule/rotate_by_file.js
2021-01-22 17:14:45,698 INFO 37411 [egg-schedule]: register schedule /Users/mangoguang/Documents/service/egg_example/node_modules/_egg-multipart@2.10.3@egg-multipart/app/schedule/clean_tmpdir.js
2021-01-22 17:14:45,698 INFO 37411 [egg-schedule]: register schedule /Users/mangoguang/Documents/service/egg_example/node_modules/_egg-logrotator@3.1.0@egg-logrotator/app/schedule/clean_log.js
2021-01-22 17:14:45,698 INFO 37411 [egg-schedule]: register schedule /Users/mangoguang/Documents/service/egg_example/node_modules/_egg-logrotator@3.1.0@egg-logrotator/app/schedule/rotate_by_file.js
2021-01-22 17:16:11,863 INFO 37546 [egg-schedule]: register schedule /Users/mangoguang/Documents/service/egg_example/node_modules/_egg-multipart@2.10.3@egg-multipart/app/schedule/clean_tmpdir.js
2021-01-22 17:16:11,863 INFO 37546 [egg-schedule]: register schedule /Users/mangoguang/Documents/service/egg_example/node_modules/_egg-logrotator@3.1.0@egg-logrotator/app/schedule/clean_log.js
2021-01-22 17:16:11,863 INFO 37546 [egg-schedule]: register schedule /Users/mangoguang/Documents/service/egg_example/node_modules/_egg-logrotator@3.1.0@egg-logrotator/app/schedule/rotate_by_file.js
2021-01-22 17:16:25,779 INFO 37595 [egg-schedule]: register schedule /Users/mangoguang/Documents/service/egg_example/node_modules/_egg-multipart@2.10.3@egg-multipart/app/schedule/clean_tmpdir.js
2021-01-22 17:16:25,779 INFO 37595 [egg-schedule]: register schedule /Users/mangoguang/Documents/service/egg_example/node_modules/_egg-logrotator@3.1.0@egg-logrotator/app/schedule/clean_log.js
2021-01-22 17:16:25,779 INFO 37595 [egg-schedule]: register schedule /Users/mangoguang/Documents/service/egg_example/node_modules/_egg-logrotator@3.1.0@egg-logrotator/app/schedule/rotate_by_file.js
2021-01-22 17:17:47,442 INFO 37703 [egg-schedule]: register schedule /Users/mangoguang/Documents/service/egg_example/node_modules/_egg-multipart@2.10.3@egg-multipart/app/schedule/clean_tmpdir.js
2021-01-22 17:17:47,442 INFO 37703 [egg-schedule]: register schedule /Users/mangoguang/Documents/service/egg_example/node_modules/_egg-logrotator@3.1.0@egg-logrotator/app/schedule/clean_log.js
2021-01-22 17:17:47,442 INFO 37703 [egg-schedule]: register schedule /Users/mangoguang/Documents/service/egg_example/node_modules/_egg-logrotator@3.1.0@egg-logrotator/app/schedule/rotate_by_file.js
2021-01-22 17:19:25,454 INFO 37842 [egg-schedule]: register schedule /Users/mangoguang/Documents/service/egg_example/node_modules/_egg-multipart@2.10.3@egg-multipart/app/schedule/clean_tmpdir.js
2021-01-22 17:19:25,454 INFO 37842 [egg-schedule]: register schedule /Users/mangoguang/Documents/service/egg_example/node_modules/_egg-logrotator@3.1.0@egg-logrotator/app/schedule/clean_log.js
2021-01-22 17:19:25,454 INFO 37842 [egg-schedule]: register schedule /Users/mangoguang/Documents/service/egg_example/node_modules/_egg-logrotator@3.1.0@egg-logrotator/app/schedule/rotate_by_file.js
2021-01-22 17:23:06,168 INFO 38155 [egg-schedule]: register schedule /Users/mangoguang/Documents/service/egg_example/node_modules/_egg-multipart@2.10.3@egg-multipart/app/schedule/clean_tmpdir.js
2021-01-22 17:23:06,168 INFO 38155 [egg-schedule]: register schedule /Users/mangoguang/Documents/service/egg_example/node_modules/_egg-logrotator@3.1.0@egg-logrotator/app/schedule/clean_log.js
2021-01-22 17:23:06,168 INFO 38155 [egg-schedule]: register schedule /Users/mangoguang/Documents/service/egg_example/node_modules/_egg-logrotator@3.1.0@egg-logrotator/app/schedule/rotate_by_file.js
2021-01-22 17:25:15,320 INFO 38381 [egg-schedule]: register schedule /Users/mangoguang/Documents/service/egg_example/node_modules/_egg-multipart@2.10.3@egg-multipart/app/schedule/clean_tmpdir.js
2021-01-22 17:25:15,320 INFO 38381 [egg-schedule]: register schedule /Users/mangoguang/Documents/service/egg_example/node_modules/_egg-logrotator@3.1.0@egg-logrotator/app/schedule/clean_log.js
2021-01-22 17:25:15,320 INFO 38381 [egg-schedule]: register schedule /Users/mangoguang/Documents/service/egg_example/node_modules/_egg-logrotator@3.1.0@egg-logrotator/app/schedule/rotate_by_file.js
2021-01-22 17:25:43,773 INFO 38435 [egg-schedule]: register schedule /Users/mangoguang/Documents/service/egg_example/node_modules/_egg-multipart@2.10.3@egg-multipart/app/schedule/clean_tmpdir.js
2021-01-22 17:25:43,773 INFO 38435 [egg-schedule]: register schedule /Users/mangoguang/Documents/service/egg_example/node_modules/_egg-logrotator@3.1.0@egg-logrotator/app/schedule/clean_log.js
2021-01-22 17:25:43,773 INFO 38435 [egg-schedule]: register schedule /Users/mangoguang/Documents/service/egg_example/node_modules/_egg-logrotator@3.1.0@egg-logrotator/app/schedule/rotate_by_file.js
2021-01-22 17:26:35,619 INFO 38496 [egg-schedule]: register schedule /Users/mangoguang/Documents/service/egg_example/node_modules/_egg-multipart@2.10.3@egg-multipart/app/schedule/clean_tmpdir.js
2021-01-22 17:26:35,619 INFO 38496 [egg-schedule]: register schedule /Users/mangoguang/Documents/service/egg_example/node_modules/_egg-logrotator@3.1.0@egg-logrotator/app/schedule/clean_log.js
2021-01-22 17:26:35,619 INFO 38496 [egg-schedule]: register schedule /Users/mangoguang/Documents/service/egg_example/node_modules/_egg-logrotator@3.1.0@egg-logrotator/app/schedule/rotate_by_file.js
2021-01-22 17:28:27,963 INFO 38654 [egg-schedule]: register schedule /Users/mangoguang/Documents/service/egg_example/node_modules/_egg-multipart@2.10.3@egg-multipart/app/schedule/clean_tmpdir.js
2021-01-22 17:28:27,963 INFO 38654 [egg-schedule]: register schedule /Users/mangoguang/Documents/service/egg_example/node_modules/_egg-logrotator@3.1.0@egg-logrotator/app/schedule/clean_log.js
2021-01-22 17:28:27,963 INFO 38654 [egg-schedule]: register schedule /Users/mangoguang/Documents/service/egg_example/node_modules/_egg-logrotator@3.1.0@egg-logrotator/app/schedule/rotate_by_file.js
2021-01-22 17:28:35,441 INFO 38683 [egg-schedule]: register schedule /Users/mangoguang/Documents/service/egg_example/node_modules/_egg-multipart@2.10.3@egg-multipart/app/schedule/clean_tmpdir.js
2021-01-22 17:28:35,441 INFO 38683 [egg-schedule]: register schedule /Users/mangoguang/Documents/service/egg_example/node_modules/_egg-logrotator@3.1.0@egg-logrotator/app/schedule/clean_log.js
2021-01-22 17:28:35,441 INFO 38683 [egg-schedule]: register schedule /Users/mangoguang/Documents/service/egg_example/node_modules/_egg-logrotator@3.1.0@egg-logrotator/app/schedule/rotate_by_file.js
2021-01-22 17:29:44,920 INFO 38786 [egg-schedule]: register schedule /Users/mangoguang/Documents/service/egg_example/node_modules/_egg-multipart@2.10.3@egg-multipart/app/schedule/clean_tmpdir.js
2021-01-22 17:29:44,920 INFO 38786 [egg-schedule]: register schedule /Users/mangoguang/Documents/service/egg_example/node_modules/_egg-logrotator@3.1.0@egg-logrotator/app/schedule/clean_log.js
2021-01-22 17:29:44,920 INFO 38786 [egg-schedule]: register schedule /Users/mangoguang/Documents/service/egg_example/node_modules/_egg-logrotator@3.1.0@egg-logrotator/app/schedule/rotate_by_file.js
2021-01-22 17:30:15,050 INFO 38842 [egg-schedule]: register schedule /Users/mangoguang/Documents/service/egg_example/node_modules/_egg-multipart@2.10.3@egg-multipart/app/schedule/clean_tmpdir.js
2021-01-22 17:30:15,050 INFO 38842 [egg-schedule]: register schedule /Users/mangoguang/Documents/service/egg_example/node_modules/_egg-logrotator@3.1.0@egg-logrotator/app/schedule/clean_log.js
2021-01-22 17:30:15,050 INFO 38842 [egg-schedule]: register schedule /Users/mangoguang/Documents/service/egg_example/node_modules/_egg-logrotator@3.1.0@egg-logrotator/app/schedule/rotate_by_file.js
2021-01-22 17:30:20,232 INFO 38860 [egg-schedule]: register schedule /Users/mangoguang/Documents/service/egg_example/node_modules/_egg-multipart@2.10.3@egg-multipart/app/schedule/clean_tmpdir.js
2021-01-22 17:30:20,232 INFO 38860 [egg-schedule]: register schedule /Users/mangoguang/Documents/service/egg_example/node_modules/_egg-logrotator@3.1.0@egg-logrotator/app/schedule/clean_log.js
2021-01-22 17:30:20,232 INFO 38860 [egg-schedule]: register schedule /Users/mangoguang/Documents/service/egg_example/node_modules/_egg-logrotator@3.1.0@egg-logrotator/app/schedule/rotate_by_file.js
2021-01-22 17:36:19,941 INFO 39314 [egg-schedule]: register schedule /Users/mangoguang/Documents/service/egg_example/node_modules/_egg-multipart@2.10.3@egg-multipart/app/schedule/clean_tmpdir.js
2021-01-22 17:36:19,941 INFO 39314 [egg-schedule]: register schedule /Users/mangoguang/Documents/service/egg_example/node_modules/_egg-logrotator@3.1.0@egg-logrotator/app/schedule/clean_log.js
2021-01-22 17:36:19,941 INFO 39314 [egg-schedule]: register schedule /Users/mangoguang/Documents/service/egg_example/node_modules/_egg-logrotator@3.1.0@egg-logrotator/app/schedule/rotate_by_file.js
2021-01-22 17:37:37,052 INFO 39417 [egg-schedule]: register schedule /Users/mangoguang/Documents/service/egg_example/node_modules/_egg-multipart@2.10.3@egg-multipart/app/schedule/clean_tmpdir.js
2021-01-22 17:37:37,052 INFO 39417 [egg-schedule]: register schedule /Users/mangoguang/Documents/service/egg_example/node_modules/_egg-logrotator@3.1.0@egg-logrotator/app/schedule/clean_log.js
2021-01-22 17:37:37,052 INFO 39417 [egg-schedule]: register schedule /Users/mangoguang/Documents/service/egg_example/node_modules/_egg-logrotator@3.1.0@egg-logrotator/app/schedule/rotate_by_file.js
2021-01-22 17:37:59,111 INFO 39460 [egg-schedule]: register schedule /Users/mangoguang/Documents/service/egg_example/node_modules/_egg-multipart@2.10.3@egg-multipart/app/schedule/clean_tmpdir.js
2021-01-22 17:37:59,111 INFO 39460 [egg-schedule]: register schedule /Users/mangoguang/Documents/service/egg_example/node_modules/_egg-logrotator@3.1.0@egg-logrotator/app/schedule/clean_log.js
2021-01-22 17:37:59,111 INFO 39460 [egg-schedule]: register schedule /Users/mangoguang/Documents/service/egg_example/node_modules/_egg-logrotator@3.1.0@egg-logrotator/app/schedule/rotate_by_file.js
